
ROM used:   1117/8192 (14%)
            1117/8192 (14%) including unused fragments

            0.2 Average locations per line
            1.8 Average locations per statement

RAM used:   32/368 (9%) at main() level
            54/368 (15%) worst case

Stack used: 1 worst case (0 in main + 1 for interrupts)
Stack size: 8

Lines Stmts  %   Files
----- ----- ---  -----
   51    15   2  proyectofinal.c
  786     0   0  ..\..\..\..\..\Program Files (x86)\PICC\Devices\16F887.h
   37     0   0  ..\..\..\..\..\Program Files (x86)\PICC\Drivers\stdio.h
  435     0   0  ..\..\..\..\..\Program Files (x86)\PICC\Drivers\string.h
   32     0   0  ..\..\..\..\..\Program Files (x86)\PICC\Drivers\stddef.h
   28     0   0  ..\..\..\..\..\Program Files (x86)\PICC\Drivers\ctype.h
 1352   359  57  ..\..\..\..\..\Program Files (x86)\PICC\Drivers\stdlib.h
 2227   258  41  ..\..\..\..\..\Program Files (x86)\PICC\Drivers\math.h
----- -----
 4948   632 Total

Page ROM  %  RAM    Vol Diff  Functions:
---- --- --- ---    --- ----  ----------
0    117  10   13             @MULFF
0     31   3    2             @ITOF
0    204  18   14             @DIVFF
0      6   1    0     17  0.8  timer_0
0    184  16   10    408  4.5  MAIN
0      5   0    0             @const1055
0     91   8    9             @PRINTF_LU_9600_62_63
0     91   8    5             @PSTRINGCN7_9600_62_63
 Inline         5             @FTOSD
0     79   7   13             @DIV3232
0    230  21   13             @PRINTF_L32D_9600_62_63FPFPF
 Inline         0             @cinit1

Program metrics:
    Functions               2
    Statements              632
    Comments                936
    Volume (V)              476
    Difficulty (D)          4.5
    Effort to implement (E) 2141
    Time to implement (T)   2 minutes
    Est Delivered Bugs (B)  0
    Cyclomatic Complexity   1
    Maintainability (MI)    92

 Segment     Used  Free
-----------  ----  ----
00000-00003     4  0  
00004-0004E    75  0  
0004F-007FF  1038  931  
00800-00FFF     0  2048  
01000-017FF     0  2048  
01800-01FFF     0  2048  



