
ROM used:   1064/8192 (13%)
            1064/8192 (13%) including unused fragments

            0.2 Average locations per line
            1.7 Average locations per statement

RAM used:   21/368 (6%) at main() level
            43/368 (12%) worst case

Stack used: 0 worst case (0 in main + 0 for interrupts)
Stack size: 8

Lines Stmts  %   Files
----- ----- ---  -----
   40    12   2  proyectofinal.c
  786     0   0  ..\..\..\..\..\Program Files (x86)\PICC\Devices\16F887.h
   37     0   0  ..\..\..\..\..\Program Files (x86)\PICC\Drivers\stdio.h
  435     0   0  ..\..\..\..\..\Program Files (x86)\PICC\Drivers\string.h
   32     0   0  ..\..\..\..\..\Program Files (x86)\PICC\Drivers\stddef.h
   28     0   0  ..\..\..\..\..\Program Files (x86)\PICC\Drivers\ctype.h
 1352   359  57  ..\..\..\..\..\Program Files (x86)\PICC\Drivers\stdlib.h
 2227   258  41  ..\..\..\..\..\Program Files (x86)\PICC\Drivers\math.h
----- -----
 4937   629 Total

Page ROM  %  RAM    Vol Diff  Functions:
---- --- --- ---    --- ----  ----------
0     23   2    1             @delay_ms1
0    117  11   13             @MULFF
0     31   3    2             @ITOF
0    204  19   14             @DIVFF
0    185  17   10    366  4.0  MAIN
0      5   0    0             @const1054
0     91   9    9             @PRINTF_LU_9600_62_63
0     89   8    5             @PSTRINGCN7_9600_62_63
0      6   1    0             @const1059
 Inline         5             @FTOSD
0     79   7   13             @DIV3232
0    230  22   13             @PRINTF_L32D_9600_62_63FPFPF
 Inline         0             @cinit1

Program metrics:
    Functions               1
    Statements              629
    Comments                936
    Volume (V)              389
    Difficulty (D)          3.0
    Effort to implement (E) 1155
    Time to implement (T)   1 minutes
    Est Delivered Bugs (B)  0
    Cyclomatic Complexity   1
    Maintainability (MI)    22

 Segment     Used  Free
-----------  ----  ----
00000-00003     4  0  
00004-007FF  1060  984  
00800-00FFF     0  2048  
01000-017FF     0  2048  
01800-01FFF     0  2048  



